2022-06-23 09:04:51.277 INFO [main] [Utility.DriverManager.<init>(DriverManager.java:24)] - Driver got launched and maximize successfully
2022-06-23 09:04:58.164 INFO [main] [Utility.BrowserActions.explicitWaitEleToBeClickable_Click(BrowserActions.java:71)] - Element clicked successfully
2022-06-23 09:04:58.347 INFO [main] [Utility.BrowserActions.explicitWaitEleToBeClickable_Click(BrowserActions.java:71)] - Element clicked successfully
2022-06-23 09:04:58.399 INFO [main] [Utility.BrowserActions.type(BrowserActions.java:114)] - The text john typed successfully
2022-06-23 09:04:58.399 INFO [main] [PageObjects.LoginPage.setUserName(LoginPage.java:42)] - Successfully entered username
2022-06-23 09:04:58.549 INFO [main] [Utility.BrowserActions.explicitWaitEleToBeClickable_Click(BrowserActions.java:71)] - Element clicked successfully
2022-06-23 09:04:58.722 INFO [main] [Utility.BrowserActions.explicitWaitEleToBeClickable_Click(BrowserActions.java:71)] - Element clicked successfully
2022-06-23 09:04:58.767 INFO [main] [Utility.BrowserActions.type(BrowserActions.java:114)] - The text demo typed successfully
2022-06-23 09:04:58.768 INFO [main] [PageObjects.LoginPage.setPassword(LoginPage.java:49)] - Successfully entered password
2022-06-23 09:05:00.544 INFO [main] [Utility.BrowserActions.explicitWaitEleToBeClickable_Click(BrowserActions.java:71)] - Element clicked successfully
2022-06-23 09:05:00.545 INFO [main] [PageObjects.LoginPage.clickLoginButton(LoginPage.java:55)] - Successfully clicked on login button
2022-06-23 09:05:01.621 INFO [main] [PageObjects.ParaBankAccountOverview.clickLogOut(ParaBankAccountOverview.java:39)] - button is enabled
2022-06-23 09:05:04.510 INFO [main] [Utility.BrowserActions.explicitWaitEleToBeClickable_Click(BrowserActions.java:71)] - Element clicked successfully
2022-06-23 09:05:04.510 INFO [main] [PageObjects.ParaBankAccountOverview.clickLogOut(ParaBankAccountOverview.java:42)] - Successfully clicked on logout button
2022-06-23 09:05:05.259 INFO [main] [Utility.DriverManager.tearDown(DriverManager.java:45)] - Driver instances closed successfully
2022-06-23 13:49:58.054 INFO [main] [Utility.DriverManager.<init>(DriverManager.java:24)] - Driver got launched and maximize successfully
2022-06-23 13:50:07.664 INFO [main] [Utility.BrowserActions.explicitWaitEleToBeClickable_Click(BrowserActions.java:71)] - Element clicked successfully
2022-06-23 13:50:07.955 INFO [main] [Utility.BrowserActions.explicitWaitEleToBeClickable_Click(BrowserActions.java:71)] - Element clicked successfully
2022-06-23 13:50:08.018 INFO [main] [Utility.BrowserActions.type(BrowserActions.java:114)] - The text john typed successfully
2022-06-23 13:50:08.019 INFO [main] [PageObjects.LoginPage.setUserName(LoginPage.java:42)] - Successfully entered username
2022-06-23 13:50:08.234 INFO [main] [Utility.BrowserActions.explicitWaitEleToBeClickable_Click(BrowserActions.java:71)] - Element clicked successfully
2022-06-23 13:50:08.533 INFO [main] [Utility.BrowserActions.explicitWaitEleToBeClickable_Click(BrowserActions.java:71)] - Element clicked successfully
2022-06-23 13:50:08.599 INFO [main] [Utility.BrowserActions.type(BrowserActions.java:114)] - The text demo typed successfully
2022-06-23 13:50:08.600 INFO [main] [PageObjects.LoginPage.setPassword(LoginPage.java:49)] - Successfully entered password
2022-06-23 13:50:10.832 INFO [main] [Utility.BrowserActions.explicitWaitEleToBeClickable_Click(BrowserActions.java:71)] - Element clicked successfully
2022-06-23 13:50:10.834 INFO [main] [PageObjects.LoginPage.clickLoginButton(LoginPage.java:55)] - Successfully clicked on login button
2022-06-23 13:50:11.610 INFO [main] [Utility.DriverManager.tearDown(DriverManager.java:45)] - Driver instances closed successfully
2022-06-23 13:50:13.544 INFO [main] [Utility.DriverManager.<init>(DriverManager.java:24)] - Driver got launched and maximize successfully
2022-06-23 13:50:21.871 INFO [main] [Utility.BrowserActions.explicitWaitEleToBeClickable_Click(BrowserActions.java:71)] - Element clicked successfully
2022-06-23 13:50:22.112 INFO [main] [Utility.BrowserActions.explicitWaitEleToBeClickable_Click(BrowserActions.java:71)] - Element clicked successfully
2022-06-23 13:50:22.166 INFO [main] [Utility.BrowserActions.type(BrowserActions.java:114)] - The text john typed successfully
2022-06-23 13:50:22.167 INFO [main] [PageObjects.LoginPage.setUserName(LoginPage.java:42)] - Successfully entered username
2022-06-23 13:50:22.351 INFO [main] [Utility.BrowserActions.explicitWaitEleToBeClickable_Click(BrowserActions.java:71)] - Element clicked successfully
2022-06-23 13:50:22.565 INFO [main] [Utility.BrowserActions.explicitWaitEleToBeClickable_Click(BrowserActions.java:71)] - Element clicked successfully
2022-06-23 13:50:22.616 INFO [main] [Utility.BrowserActions.type(BrowserActions.java:114)] - The text demo typed successfully
2022-06-23 13:50:22.617 INFO [main] [PageObjects.LoginPage.setPassword(LoginPage.java:49)] - Successfully entered password
2022-06-23 13:50:24.490 INFO [main] [Utility.BrowserActions.explicitWaitEleToBeClickable_Click(BrowserActions.java:71)] - Element clicked successfully
2022-06-23 13:50:24.490 INFO [main] [PageObjects.LoginPage.clickLoginButton(LoginPage.java:55)] - Successfully clicked on login button
2022-06-23 13:50:25.222 INFO [main] [Utility.DriverManager.tearDown(DriverManager.java:45)] - Driver instances closed successfully
2022-06-23 13:50:27.029 INFO [main] [Utility.DriverManager.<init>(DriverManager.java:24)] - Driver got launched and maximize successfully
2022-06-23 13:50:35.112 INFO [main] [Utility.BrowserActions.explicitWaitEleToBeClickable_Click(BrowserActions.java:71)] - Element clicked successfully
2022-06-23 13:50:35.418 INFO [main] [Utility.BrowserActions.explicitWaitEleToBeClickable_Click(BrowserActions.java:71)] - Element clicked successfully
2022-06-23 13:50:35.497 INFO [main] [Utility.BrowserActions.type(BrowserActions.java:114)] - The text john typed successfully
2022-06-23 13:50:35.497 INFO [main] [PageObjects.LoginPage.setUserName(LoginPage.java:42)] - Successfully entered username
2022-06-23 13:50:35.757 INFO [main] [Utility.BrowserActions.explicitWaitEleToBeClickable_Click(BrowserActions.java:71)] - Element clicked successfully
2022-06-23 13:50:36.045 INFO [main] [Utility.BrowserActions.explicitWaitEleToBeClickable_Click(BrowserActions.java:71)] - Element clicked successfully
2022-06-23 13:50:36.110 INFO [main] [Utility.BrowserActions.type(BrowserActions.java:114)] - The text demo typed successfully
2022-06-23 13:50:36.111 INFO [main] [PageObjects.LoginPage.setPassword(LoginPage.java:49)] - Successfully entered password
2022-06-23 13:50:37.740 INFO [main] [Utility.BrowserActions.explicitWaitEleToBeClickable_Click(BrowserActions.java:71)] - Element clicked successfully
2022-06-23 13:50:37.741 INFO [main] [PageObjects.LoginPage.clickLoginButton(LoginPage.java:55)] - Successfully clicked on login button
2022-06-23 13:50:38.438 INFO [main] [Utility.DriverManager.tearDown(DriverManager.java:45)] - Driver instances closed successfully
2022-06-23 13:50:40.155 INFO [main] [Utility.DriverManager.<init>(DriverManager.java:24)] - Driver got launched and maximize successfully
2022-06-23 13:50:48.739 INFO [main] [Utility.BrowserActions.explicitWaitEleToBeClickable_Click(BrowserActions.java:71)] - Element clicked successfully
2022-06-23 13:50:49.018 INFO [main] [Utility.BrowserActions.explicitWaitEleToBeClickable_Click(BrowserActions.java:71)] - Element clicked successfully
2022-06-23 13:50:49.098 INFO [main] [Utility.BrowserActions.type(BrowserActions.java:114)] - The text john typed successfully
2022-06-23 13:50:49.099 INFO [main] [PageObjects.LoginPage.setUserName(LoginPage.java:42)] - Successfully entered username
2022-06-23 13:50:49.329 INFO [main] [Utility.BrowserActions.explicitWaitEleToBeClickable_Click(BrowserActions.java:71)] - Element clicked successfully
2022-06-23 13:50:49.599 INFO [main] [Utility.BrowserActions.explicitWaitEleToBeClickable_Click(BrowserActions.java:71)] - Element clicked successfully
2022-06-23 13:50:49.671 INFO [main] [Utility.BrowserActions.type(BrowserActions.java:114)] - The text demo typed successfully
2022-06-23 13:50:49.671 INFO [main] [PageObjects.LoginPage.setPassword(LoginPage.java:49)] - Successfully entered password
2022-06-23 13:50:51.834 INFO [main] [Utility.BrowserActions.explicitWaitEleToBeClickable_Click(BrowserActions.java:71)] - Element clicked successfully
2022-06-23 13:50:51.835 INFO [main] [PageObjects.LoginPage.clickLoginButton(LoginPage.java:55)] - Successfully clicked on login button
2022-06-23 13:50:52.539 INFO [main] [Utility.DriverManager.tearDown(DriverManager.java:45)] - Driver instances closed successfully
2022-06-23 13:50:54.351 INFO [main] [Utility.DriverManager.<init>(DriverManager.java:24)] - Driver got launched and maximize successfully
2022-06-23 13:51:02.069 INFO [main] [Utility.BrowserActions.explicitWaitEleToBeClickable_Click(BrowserActions.java:71)] - Element clicked successfully
2022-06-23 13:51:02.330 INFO [main] [Utility.BrowserActions.explicitWaitEleToBeClickable_Click(BrowserActions.java:71)] - Element clicked successfully
2022-06-23 13:51:02.401 INFO [main] [Utility.BrowserActions.type(BrowserActions.java:114)] - The text john typed successfully
2022-06-23 13:51:02.402 INFO [main] [PageObjects.LoginPage.setUserName(LoginPage.java:42)] - Successfully entered username
2022-06-23 13:51:02.613 INFO [main] [Utility.BrowserActions.explicitWaitEleToBeClickable_Click(BrowserActions.java:71)] - Element clicked successfully
2022-06-23 13:51:02.953 INFO [main] [Utility.BrowserActions.explicitWaitEleToBeClickable_Click(BrowserActions.java:71)] - Element clicked successfully
2022-06-23 13:51:03.014 INFO [main] [Utility.BrowserActions.type(BrowserActions.java:114)] - The text demo typed successfully
2022-06-23 13:51:03.014 INFO [main] [PageObjects.LoginPage.setPassword(LoginPage.java:49)] - Successfully entered password
2022-06-23 13:51:05.326 INFO [main] [Utility.BrowserActions.explicitWaitEleToBeClickable_Click(BrowserActions.java:71)] - Element clicked successfully
2022-06-23 13:51:05.327 INFO [main] [PageObjects.LoginPage.clickLoginButton(LoginPage.java:55)] - Successfully clicked on login button
2022-06-23 13:51:06.060 INFO [main] [Utility.DriverManager.tearDown(DriverManager.java:45)] - Driver instances closed successfully
2022-06-23 13:51:07.820 INFO [main] [Utility.DriverManager.<init>(DriverManager.java:24)] - Driver got launched and maximize successfully
2022-06-23 13:51:16.298 INFO [main] [Utility.DriverManager.tearDown(DriverManager.java:45)] - Driver instances closed successfully
2022-06-23 13:51:18.029 INFO [main] [Utility.DriverManager.<init>(DriverManager.java:24)] - Driver got launched and maximize successfully
2022-06-23 13:51:26.292 INFO [main] [Utility.BrowserActions.explicitWaitEleToBeClickable_Click(BrowserActions.java:71)] - Element clicked successfully
2022-06-23 13:51:26.573 INFO [main] [Utility.BrowserActions.explicitWaitEleToBeClickable_Click(BrowserActions.java:71)] - Element clicked successfully
2022-06-23 13:51:26.645 INFO [main] [Utility.BrowserActions.type(BrowserActions.java:114)] - The text john typed successfully
2022-06-23 13:51:26.645 INFO [main] [PageObjects.LoginPage.setUserName(LoginPage.java:42)] - Successfully entered username
2022-06-23 13:51:26.848 INFO [main] [Utility.BrowserActions.explicitWaitEleToBeClickable_Click(BrowserActions.java:71)] - Element clicked successfully
2022-06-23 13:51:27.104 INFO [main] [Utility.BrowserActions.explicitWaitEleToBeClickable_Click(BrowserActions.java:71)] - Element clicked successfully
2022-06-23 13:51:27.156 INFO [main] [Utility.BrowserActions.type(BrowserActions.java:114)] - The text demo typed successfully
2022-06-23 13:51:27.157 INFO [main] [PageObjects.LoginPage.setPassword(LoginPage.java:49)] - Successfully entered password
2022-06-23 13:51:29.113 INFO [main] [Utility.BrowserActions.explicitWaitEleToBeClickable_Click(BrowserActions.java:71)] - Element clicked successfully
2022-06-23 13:51:29.113 INFO [main] [PageObjects.LoginPage.clickLoginButton(LoginPage.java:55)] - Successfully clicked on login button
2022-06-23 13:51:29.914 INFO [main] [Utility.DriverManager.tearDown(DriverManager.java:45)] - Driver instances closed successfully
2022-06-23 13:51:31.663 INFO [main] [Utility.DriverManager.<init>(DriverManager.java:24)] - Driver got launched and maximize successfully
2022-06-23 13:51:39.755 INFO [main] [Utility.BrowserActions.explicitWaitEleToBeClickable_Click(BrowserActions.java:71)] - Element clicked successfully
2022-06-23 13:51:40.002 INFO [main] [Utility.BrowserActions.explicitWaitEleToBeClickable_Click(BrowserActions.java:71)] - Element clicked successfully
2022-06-23 13:51:40.072 INFO [main] [Utility.BrowserActions.type(BrowserActions.java:114)] - The text john typed successfully
2022-06-23 13:51:40.073 INFO [main] [PageObjects.LoginPage.setUserName(LoginPage.java:42)] - Successfully entered username
2022-06-23 13:51:40.298 INFO [main] [Utility.BrowserActions.explicitWaitEleToBeClickable_Click(BrowserActions.java:71)] - Element clicked successfully
2022-06-23 13:51:40.585 INFO [main] [Utility.BrowserActions.explicitWaitEleToBeClickable_Click(BrowserActions.java:71)] - Element clicked successfully
2022-06-23 13:51:40.656 INFO [main] [Utility.BrowserActions.type(BrowserActions.java:114)] - The text demo typed successfully
2022-06-23 13:51:40.658 INFO [main] [PageObjects.LoginPage.setPassword(LoginPage.java:49)] - Successfully entered password
2022-06-23 13:51:42.805 INFO [main] [Utility.BrowserActions.explicitWaitEleToBeClickable_Click(BrowserActions.java:71)] - Element clicked successfully
2022-06-23 13:51:42.806 INFO [main] [PageObjects.LoginPage.clickLoginButton(LoginPage.java:55)] - Successfully clicked on login button
2022-06-23 13:51:43.536 INFO [main] [Utility.DriverManager.tearDown(DriverManager.java:45)] - Driver instances closed successfully
2022-06-23 13:51:45.263 INFO [main] [Utility.DriverManager.<init>(DriverManager.java:24)] - Driver got launched and maximize successfully
2022-06-23 13:51:54.924 INFO [main] [Utility.BrowserActions.explicitWaitEleToBeClickable_Click(BrowserActions.java:71)] - Element clicked successfully
2022-06-23 13:51:55.151 INFO [main] [Utility.BrowserActions.explicitWaitEleToBeClickable_Click(BrowserActions.java:71)] - Element clicked successfully
2022-06-23 13:51:55.208 INFO [main] [Utility.BrowserActions.type(BrowserActions.java:114)] - The text john typed successfully
2022-06-23 13:51:55.209 INFO [main] [PageObjects.LoginPage.setUserName(LoginPage.java:42)] - Successfully entered username
2022-06-23 13:51:55.445 INFO [main] [Utility.BrowserActions.explicitWaitEleToBeClickable_Click(BrowserActions.java:71)] - Element clicked successfully
2022-06-23 13:51:55.714 INFO [main] [Utility.BrowserActions.explicitWaitEleToBeClickable_Click(BrowserActions.java:71)] - Element clicked successfully
2022-06-23 13:51:55.776 INFO [main] [Utility.BrowserActions.type(BrowserActions.java:114)] - The text demo typed successfully
2022-06-23 13:51:55.777 INFO [main] [PageObjects.LoginPage.setPassword(LoginPage.java:49)] - Successfully entered password
2022-06-23 13:51:57.638 INFO [main] [Utility.BrowserActions.explicitWaitEleToBeClickable_Click(BrowserActions.java:71)] - Element clicked successfully
2022-06-23 13:51:57.639 INFO [main] [PageObjects.LoginPage.clickLoginButton(LoginPage.java:55)] - Successfully clicked on login button
2022-06-23 13:51:58.345 INFO [main] [Utility.DriverManager.tearDown(DriverManager.java:45)] - Driver instances closed successfully
2022-06-23 13:52:00.042 INFO [main] [Utility.DriverManager.<init>(DriverManager.java:24)] - Driver got launched and maximize successfully
2022-06-23 13:52:07.708 INFO [main] [Utility.BrowserActions.explicitWaitEleToBeClickable_Click(BrowserActions.java:71)] - Element clicked successfully
2022-06-23 13:52:07.958 INFO [main] [Utility.BrowserActions.explicitWaitEleToBeClickable_Click(BrowserActions.java:71)] - Element clicked successfully
2022-06-23 13:52:08.025 INFO [main] [Utility.BrowserActions.type(BrowserActions.java:114)] - The text john typed successfully
2022-06-23 13:52:08.026 INFO [main] [PageObjects.LoginPage.setUserName(LoginPage.java:42)] - Successfully entered username
2022-06-23 13:52:08.210 INFO [main] [Utility.BrowserActions.explicitWaitEleToBeClickable_Click(BrowserActions.java:71)] - Element clicked successfully
2022-06-23 13:52:08.506 INFO [main] [Utility.BrowserActions.explicitWaitEleToBeClickable_Click(BrowserActions.java:71)] - Element clicked successfully
2022-06-23 13:52:08.563 INFO [main] [Utility.BrowserActions.type(BrowserActions.java:114)] - The text demo typed successfully
2022-06-23 13:52:08.563 INFO [main] [PageObjects.LoginPage.setPassword(LoginPage.java:49)] - Successfully entered password
2022-06-23 13:52:10.431 INFO [main] [Utility.BrowserActions.explicitWaitEleToBeClickable_Click(BrowserActions.java:71)] - Element clicked successfully
2022-06-23 13:52:10.431 INFO [main] [PageObjects.LoginPage.clickLoginButton(LoginPage.java:55)] - Successfully clicked on login button
2022-06-23 13:52:11.168 INFO [main] [Utility.DriverManager.tearDown(DriverManager.java:45)] - Driver instances closed successfully
2022-06-23 14:02:30.792 INFO [main] [Utility.DriverManager.<init>(DriverManager.java:24)] - Driver got launched and maximize successfully
2022-06-23 14:03:05.957 INFO [main] [Utility.DriverManager.tearDown(DriverManager.java:45)] - Driver instances closed successfully
2022-06-23 14:29:41.820 INFO [main] [Utility.DriverManager.<init>(DriverManager.java:24)] - Driver got launched and maximize successfully
2022-06-23 14:30:55.600 INFO [main] [Utility.DriverManager.tearDown(DriverManager.java:45)] - Driver instances closed successfully
